AppQuanLiDiem/AppQuanLiDiem/app/build/intermediates/manifest_merge_blame_file/debug/manifest-merger-blame-debug-report.txt
1<?xml version="1.0" encoding="utf-8"?>
2<manifest xmlns:android="http://schemas.android.com/apk/res/android"
3    package="com.example.appquanlidiem"
4    android:versionCode="29"
5    android:versionName="1.0.14" >
6
7    <uses-sdk
8        android:minSdkVersion="21"
8-->src\main\AndroidManifest.xml
9        android:targetSdkVersion="30" />
9-->src\main\AndroidManifest.xml
10
11    <!-- Quyền Thời Khóa Biểu -->
12    <uses-permission android:name="android.permission.INTERNET" />
12-->src\main\AndroidManifest.xml:7:5-67
12-->src\main\AndroidManifest.xml:7:22-64
13    <uses-permission android:name="android.permission.READ_EXTERNAL_STORAGE" />
13-->src\main\AndroidManifest.xml:8:5-80
13-->src\main\AndroidManifest.xml:8:22-77
14    <uses-permission android:name="android.permission.WRITE_EXTERNAL_STORAGE" />
14-->src\main\AndroidManifest.xml:9:5-81
14-->src\main\AndroidManifest.xml:9:22-78
15    <uses-permission android:name="android.permission.CAMERA" />
15-->src\main\AndroidManifest.xml:10:5-65
15-->src\main\AndroidManifest.xml:10:22-62
16    <uses-permission android:name="android.permission.VIBRATE" />
16-->src\main\AndroidManifest.xml:11:5-66
16-->src\main\AndroidManifest.xml:11:22-63
17    <uses-permission android:name="android.permission.FLASHLIGHT" />
17-->src\main\AndroidManifest.xml:12:5-69
17-->src\main\AndroidManifest.xml:12:22-66
18    <uses-permission android:name="android.permission.READ_CALENDAR" />
18-->src\main\AndroidManifest.xml:13:5-72
18-->src\main\AndroidManifest.xml:13:22-69
19    <uses-permission android:name="android.permission.WRITE_CALENDAR" />
19-->src\main\AndroidManifest.xml:14:5-73
19-->src\main\AndroidManifest.xml:14:22-70
20    <uses-permission android:name="android.permission.REQUEST_INSTALL_PACKAGES" />
20-->src\main\AndroidManifest.xml:15:5-83
20-->src\main\AndroidManifest.xml:15:22-80
21
22    <uses-feature android:name="android.hardware.camera" />
22-->src\main\AndroidManifest.xml:16:5-60
22-->src\main\AndroidManifest.xml:16:19-57
23    <!-- To allow starting foreground services on Android P+ - https://developer.android.com/preview/behavior-changes#fg-svc -->
24    <uses-permission android:name="android.permission.FOREGROUND_SERVICE" /> <!-- Quyền Thời Khóa Biểu -->
24-->[com.squareup.leakcanary:leakcanary-android-core:2.5] AndroidManifest.xml:26:5-77
24-->[com.squareup.leakcanary:leakcanary-android-core:2.5] AndroidManifest.xml:26:22-74
25    <application
25-->src\main\AndroidManifest.xml:19:5-115:19
26        android:name="com.example.appquanlidiem.MyApplication_tkb"
26-->src\main\AndroidManifest.xml:20:9-42
27        android:allowBackup="false"
27-->src\main\AndroidManifest.xml:23:9-36
28        android:appComponentFactory="androidx.core.app.CoreComponentFactory"
28-->[androidx.core:core:1.3.2] AndroidManifest.xml:24:18-86
29        android:debuggable="true"
30        android:fullBackupContent="@xml/backup_rules"
30-->src\main\AndroidManifest.xml:22:9-54
31        android:icon="@mipmap/ic_launcher"
31-->src\main\AndroidManifest.xml:24:9-43
32        android:label="@string/app_name"
32-->src\main\AndroidManifest.xml:25:9-41
33        android:networkSecurityConfig="@xml/network_security_config"
33-->src\main\AndroidManifest.xml:26:9-69
34        android:roundIcon="@mipmap/ic_launcher_round"
34-->src\main\AndroidManifest.xml:27:9-54
35        android:supportsRtl="true"
35-->src\main\AndroidManifest.xml:28:9-35
36        android:testOnly="true"
37        android:theme="@style/AppTheme" >
37-->src\main\AndroidManifest.xml:29:9-40
38        <activity
38-->src\main\AndroidManifest.xml:33:9-41:20
39            android:name="com.example.appquanlidiem.DiemCaiThienMainActivity"
39-->src\main\AndroidManifest.xml:34:13-53
40            android:exported="true" >
40-->src\main\AndroidManifest.xml:35:13-36
41            <intent-filter>
41-->src\main\AndroidManifest.xml:36:13-40:29
42                <action android:name="android.intent.action.MAIN" />
42-->src\main\AndroidManifest.xml:37:17-69
42-->src\main\AndroidManifest.xml:37:25-66
43
44                <category android:name="android.intent.category.LAUNCHER" />
44-->src\main\AndroidManifest.xml:39:17-77
44-->src\main\AndroidManifest.xml:39:27-74
45            </intent-filter>
46        </activity>
47        <activity
47-->src\main\AndroidManifest.xml:42:9-50:20
48            android:name="com.example.appquanlidiem.ThongKeMainActivity"
48-->src\main\AndroidManifest.xml:43:13-48
49            android:exported="true" >
49-->src\main\AndroidManifest.xml:44:13-36
50            <intent-filter>
50-->src\main\AndroidManifest.xml:36:13-40:29
51                <action android:name="android.intent.action.MAIN" />
51-->src\main\AndroidManifest.xml:37:17-69
51-->src\main\AndroidManifest.xml:37:25-66
52
53                <category android:name="android.intent.category.LAUNCHER" />
53-->src\main\AndroidManifest.xml:39:17-77
53-->src\main\AndroidManifest.xml:39:27-74
54            </intent-filter>
55        </activity>
56
57        <!-- TKB -->
58
59        <activity android:name="com.example.appquanlidiem.ui_tkb.settime.SetTimeActivity" />
59-->src\main\AndroidManifest.xml:55:9-68
59-->src\main\AndroidManifest.xml:55:19-65
60        <activity android:name="com.example.appquanlidiem.ui_tkb.editcourse.EditActivity" />
60-->src\main\AndroidManifest.xml:56:9-68
60-->src\main\AndroidManifest.xml:56:19-65
61        <activity android:name="com.example.appquanlidiem.ui_tkb.coursedetails.CourseDetailsActivity" />
61-->src\main\AndroidManifest.xml:57:9-80
61-->src\main\AndroidManifest.xml:57:19-77
62        <activity
62-->src\main\AndroidManifest.xml:58:9-65:20
63            android:name="com.example.appquanlidiem.ThoiKhoaBieuMainActivity"
63-->src\main\AndroidManifest.xml:59:13-53
64            android:theme="@style/AppTheme.NoActionBar" >
64-->src\main\AndroidManifest.xml:60:13-56
65            <intent-filter>
65-->src\main\AndroidManifest.xml:36:13-40:29
66                <action android:name="android.intent.action.MAIN" />
66-->src\main\AndroidManifest.xml:37:17-69
66-->src\main\AndroidManifest.xml:37:25-66
67
68                <category android:name="android.intent.category.LAUNCHER" />
68-->src\main\AndroidManifest.xml:39:17-77
68-->src\main\AndroidManifest.xml:39:27-74
69            </intent-filter>
70        </activity>
71
72        <!-- TKB -->
73
74        <activity
74-->src\main\AndroidManifest.xml:69:9-77:20
75            android:name="com.example.appquanlidiem.CapNhatDiemMainActivity"
75-->src\main\AndroidManifest.xml:70:13-52
76            android:exported="true" >
76-->src\main\AndroidManifest.xml:71:13-36
77            <intent-filter>
77-->src\main\AndroidManifest.xml:36:13-40:29
78                <action android:name="android.intent.action.MAIN" />
78-->src\main\AndroidManifest.xml:37:17-69
78-->src\main\AndroidManifest.xml:37:25-66
79
80                <category android:name="android.intent.category.LAUNCHER" />
80-->src\main\AndroidManifest.xml:39:17-77
80-->src\main\AndroidManifest.xml:39:27-74
81            </intent-filter>
82        </activity>
83        <activity
83-->src\main\AndroidManifest.xml:78:9-86:20
84            android:name="com.example.appquanlidiem.DiemDuKienMainActivity"
84-->src\main\AndroidManifest.xml:79:13-51
85            android:exported="true" >
85-->src\main\AndroidManifest.xml:80:13-36
86            <intent-filter>
86-->src\main\AndroidManifest.xml:36:13-40:29
87                <action android:name="android.intent.action.MAIN" />
87-->src\main\AndroidManifest.xml:37:17-69
87-->src\main\AndroidManifest.xml:37:25-66
88
89                <category android:name="android.intent.category.LAUNCHER" />
89-->src\main\AndroidManifest.xml:39:17-77
89-->src\main\AndroidManifest.xml:39:27-74
90            </intent-filter>
91        </activity>
92        <activity
92-->src\main\AndroidManifest.xml:87:9-95:20
93            android:name="com.example.appquanlidiem.HocPhanMainActivity"
93-->src\main\AndroidManifest.xml:88:13-48
94            android:exported="true" >
94-->src\main\AndroidManifest.xml:89:13-36
95            <intent-filter>
95-->src\main\AndroidManifest.xml:36:13-40:29
96                <action android:name="android.intent.action.MAIN" />
96-->src\main\AndroidManifest.xml:37:17-69
96-->src\main\AndroidManifest.xml:37:25-66
97
98                <category android:name="android.intent.category.LAUNCHER" />
98-->src\main\AndroidManifest.xml:39:17-77
98-->src\main\AndroidManifest.xml:39:27-74
99            </intent-filter>
100        </activity>
101        <activity
101-->src\main\AndroidManifest.xml:96:9-104:20
102            android:name="com.example.appquanlidiem.ThongTinMainActivity"
102-->src\main\AndroidManifest.xml:97:13-49
103            android:exported="true" >
103-->src\main\AndroidManifest.xml:98:13-36
104            <intent-filter>
104-->src\main\AndroidManifest.xml:36:13-40:29
105                <action android:name="android.intent.action.MAIN" />
105-->src\main\AndroidManifest.xml:37:17-69
105-->src\main\AndroidManifest.xml:37:25-66
106
107                <category android:name="android.intent.category.LAUNCHER" />
107-->src\main\AndroidManifest.xml:39:17-77
107-->src\main\AndroidManifest.xml:39:27-74
108            </intent-filter>
109        </activity>
110        <activity
110-->src\main\AndroidManifest.xml:105:9-113:20
111            android:name="com.example.appquanlidiem.MainActivity"
111-->src\main\AndroidManifest.xml:106:13-41
112            android:exported="true" >
112-->src\main\AndroidManifest.xml:107:13-36
113            <intent-filter>
113-->src\main\AndroidManifest.xml:36:13-40:29
114                <action android:name="android.intent.action.MAIN" />
114-->src\main\AndroidManifest.xml:37:17-69
114-->src\main\AndroidManifest.xml:37:25-66
115
116                <category android:name="android.intent.category.LAUNCHER" />
116-->src\main\AndroidManifest.xml:39:17-77
116-->src\main\AndroidManifest.xml:39:27-74
117            </intent-filter>
118        </activity>
119
120        <service
120-->[com.squareup.leakcanary:leakcanary-android:2.5] AndroidManifest.xml:23:9-25:40
121            android:name="leakcanary.internal.HeapAnalyzerService"
121-->[com.squareup.leakcanary:leakcanary-android:2.5] AndroidManifest.xml:24:13-67
122            android:exported="false" />
122-->[com.squareup.leakcanary:leakcanary-android:2.5] AndroidManifest.xml:25:13-37
123
124        <activity
124-->[cn.yipianfengye.android:zxing-library:2.2] AndroidManifest.xml:12:9-17:63
125            android:name="com.uuzuche.lib_zxing.activity.CaptureActivity"
125-->[cn.yipianfengye.android:zxing-library:2.2] AndroidManifest.xml:13:13-74
126            android:configChanges="orientation|keyboardHidden"
126-->[cn.yipianfengye.android:zxing-library:2.2] AndroidManifest.xml:14:13-63
127            android:screenOrientation="portrait"
127-->[cn.yipianfengye.android:zxing-library:2.2] AndroidManifest.xml:15:13-49
128            android:theme="@style/Theme.AppCompat.NoActionBar"
128-->[cn.yipianfengye.android:zxing-library:2.2] AndroidManifest.xml:16:13-63
129            android:windowSoftInputMode="stateAlwaysHidden" />
129-->[cn.yipianfengye.android:zxing-library:2.2] AndroidManifest.xml:17:13-60
130
131        <provider
131-->[androidx.lifecycle:lifecycle-process:2.2.0] AndroidManifest.xml:25:9-29:43
132            android:name="androidx.lifecycle.ProcessLifecycleOwnerInitializer"
132-->[androidx.lifecycle:lifecycle-process:2.2.0] AndroidManifest.xml:26:13-79
133            android:authorities="com.example.appquanlidiem.lifecycle-process"
133-->[androidx.lifecycle:lifecycle-process:2.2.0] AndroidManifest.xml:27:13-69
134            android:exported="false"
134-->[androidx.lifecycle:lifecycle-process:2.2.0] AndroidManifest.xml:28:13-37
135            android:multiprocess="true" />
135-->[androidx.lifecycle:lifecycle-process:2.2.0] AndroidManifest.xml:29:13-40
136        <provider
136-->[com.squareup.leakcanary:leakcanary-android-core:2.5] AndroidManifest.xml:29:9-37:20
137            android:name="leakcanary.internal.LeakCanaryFileProvider"
137-->[com.squareup.leakcanary:leakcanary-android-core:2.5] AndroidManifest.xml:30:13-70
138            android:authorities="com.squareup.leakcanary.fileprovider.com.example.appquanlidiem"
138-->[com.squareup.leakcanary:leakcanary-android-core:2.5] AndroidManifest.xml:31:13-88
139            android:exported="false"
139-->[com.squareup.leakcanary:leakcanary-android-core:2.5] AndroidManifest.xml:32:13-37
140            android:grantUriPermissions="true" >
140-->[com.squareup.leakcanary:leakcanary-android-core:2.5] AndroidManifest.xml:33:13-47
141            <meta-data
141-->[com.squareup.leakcanary:leakcanary-android-core:2.5] AndroidManifest.xml:34:13-36:66
142                android:name="android.support.FILE_PROVIDER_PATHS"
142-->[com.squareup.leakcanary:leakcanary-android-core:2.5] AndroidManifest.xml:35:17-67
143                android:resource="@xml/leak_canary_file_paths" />
143-->[com.squareup.leakcanary:leakcanary-android-core:2.5] AndroidManifest.xml:36:17-63
144        </provider>
145
146        <activity
146-->[com.squareup.leakcanary:leakcanary-android-core:2.5] AndroidManifest.xml:39:9-44:66
147            android:name="leakcanary.internal.activity.LeakActivity"
147-->[com.squareup.leakcanary:leakcanary-android-core:2.5] AndroidManifest.xml:40:13-69
148            android:icon="@mipmap/leak_canary_icon"
148-->[com.squareup.leakcanary:leakcanary-android-core:2.5] AndroidManifest.xml:41:13-52
149            android:label="@string/leak_canary_display_activity_label"
149-->[com.squareup.leakcanary:leakcanary-android-core:2.5] AndroidManifest.xml:42:13-71
150            android:taskAffinity="com.squareup.leakcanary.com.example.appquanlidiem"
150-->[com.squareup.leakcanary:leakcanary-android-core:2.5] AndroidManifest.xml:43:13-76
151            android:theme="@style/leak_canary_LeakCanary.Base" />
151-->[com.squareup.leakcanary:leakcanary-android-core:2.5] AndroidManifest.xml:44:13-63
152
153        <activity-alias
153-->[com.squareup.leakcanary:leakcanary-android-core:2.5] AndroidManifest.xml:46:9-62:26
154            android:name="leakcanary.internal.activity.LeakLauncherActivity"
154-->[com.squareup.leakcanary:leakcanary-android-core:2.5] AndroidManifest.xml:47:13-77
155            android:banner="@drawable/leak_canary_tv_icon"
155-->[com.squareup.leakcanary:leakcanary-android-core:2.5] AndroidManifest.xml:48:13-59
156            android:enabled="@bool/leak_canary_add_launcher_icon"
156-->[com.squareup.leakcanary:leakcanary-android-core:2.5] AndroidManifest.xml:49:13-66
157            android:icon="@mipmap/leak_canary_icon"
157-->[com.squareup.leakcanary:leakcanary-android-core:2.5] AndroidManifest.xml:50:13-52
158            android:label="@string/leak_canary_display_activity_label"
158-->[com.squareup.leakcanary:leakcanary-android-core:2.5] AndroidManifest.xml:51:13-71
159            android:targetActivity="leakcanary.internal.activity.LeakActivity"
159-->[com.squareup.leakcanary:leakcanary-android-core:2.5] AndroidManifest.xml:52:13-79
160            android:taskAffinity="com.squareup.leakcanary.com.example.appquanlidiem"
160-->[com.squareup.leakcanary:leakcanary-android-core:2.5] AndroidManifest.xml:53:13-76
161            android:theme="@style/leak_canary_LeakCanary.Base" >
161-->[com.squareup.leakcanary:leakcanary-android-core:2.5] AndroidManifest.xml:54:13-63
162            <intent-filter>
162-->[com.squareup.leakcanary:leakcanary-android-core:2.5] AndroidManifest.xml:55:13-61:29
163                <action android:name="android.intent.action.MAIN" />
163-->src\main\AndroidManifest.xml:37:17-69
163-->src\main\AndroidManifest.xml:37:25-66
164
165                <category android:name="android.intent.category.LAUNCHER" />
165-->src\main\AndroidManifest.xml:39:17-77
165-->src\main\AndroidManifest.xml:39:27-74
166                <!-- Android TV launcher intent -->
167                <category android:name="android.intent.category.LEANBACK_LAUNCHER" />
167-->[com.squareup.leakcanary:leakcanary-android-core:2.5] AndroidManifest.xml:60:17-86
167-->[com.squareup.leakcanary:leakcanary-android-core:2.5] AndroidManifest.xml:60:27-83
168            </intent-filter>
169        </activity-alias>
170
171        <activity
171-->[com.squareup.leakcanary:leakcanary-android-core:2.5] AndroidManifest.xml:64:9-70:68
172            android:name="leakcanary.internal.RequestStoragePermissionActivity"
172-->[com.squareup.leakcanary:leakcanary-android-core:2.5] AndroidManifest.xml:65:13-80
173            android:excludeFromRecents="true"
173-->[com.squareup.leakcanary:leakcanary-android-core:2.5] AndroidManifest.xml:66:13-46
174            android:icon="@mipmap/leak_canary_icon"
174-->[com.squareup.leakcanary:leakcanary-android-core:2.5] AndroidManifest.xml:67:13-52
175            android:label="@string/leak_canary_storage_permission_activity_label"
175-->[com.squareup.leakcanary:leakcanary-android-core:2.5] AndroidManifest.xml:68:13-82
176            android:taskAffinity="com.squareup.leakcanary.com.example.appquanlidiem"
176-->[com.squareup.leakcanary:leakcanary-android-core:2.5] AndroidManifest.xml:69:13-76
177            android:theme="@style/leak_canary_Theme.Transparent" />
177-->[com.squareup.leakcanary:leakcanary-android-core:2.5] AndroidManifest.xml:70:13-65
178
179        <receiver android:name="leakcanary.internal.NotificationReceiver" />
179-->[com.squareup.leakcanary:leakcanary-android-core:2.5] AndroidManifest.xml:72:9-77
179-->[com.squareup.leakcanary:leakcanary-android-core:2.5] AndroidManifest.xml:72:19-74
180
181        <provider
181-->[com.squareup.leakcanary:leakcanary-object-watcher-android:2.5] AndroidManifest.xml:8:9-12:40
182            android:name="leakcanary.internal.AppWatcherInstaller$MainProcess"
182-->[com.squareup.leakcanary:leakcanary-object-watcher-android:2.5] AndroidManifest.xml:9:13-79
183            android:authorities="com.example.appquanlidiem.leakcanary-installer"
183-->[com.squareup.leakcanary:leakcanary-object-watcher-android:2.5] AndroidManifest.xml:10:13-72
184            android:enabled="@bool/leak_canary_watcher_auto_install"
184-->[com.squareup.leakcanary:leakcanary-object-watcher-android:2.5] AndroidManifest.xml:11:13-69
185            android:exported="false" />
185-->[com.squareup.leakcanary:leakcanary-object-watcher-android:2.5] AndroidManifest.xml:12:13-37
186        <provider
186-->[com.squareup.leakcanary:plumber-android:2.5] AndroidManifest.xml:8:9-12:40
187            android:name="leakcanary.internal.PlumberInstaller"
187-->[com.squareup.leakcanary:plumber-android:2.5] AndroidManifest.xml:9:13-64
188            android:authorities="com.example.appquanlidiem.plumber-installer"
188-->[com.squareup.leakcanary:plumber-android:2.5] AndroidManifest.xml:10:13-69
189            android:enabled="@bool/leak_canary_plumber_auto_install"
189-->[com.squareup.leakcanary:plumber-android:2.5] AndroidManifest.xml:11:13-69
190            android:exported="false" />
190-->[com.squareup.leakcanary:plumber-android:2.5] AndroidManifest.xml:12:13-37
191    </application>
192
193</manifest>